[1215/112504.278:ERROR:filesystem_win.cc(129)] GetFileAttributes C:\Users\Navy\AppData\Local\Google\Chrome\User Data\Crashpad\attachments\ca060533-388f-4f29-9714-c21fec08fc4e: The system cannot find the path specified. (0x3)
[1215/113501.263:ERROR:directory_reader_win.cc(43)] FindFirstFile: The system cannot find the path specified. (0x3)
[1215/114308.368:ERROR:process_info.cc(359)] UncheckedAllocate
[1215/130038.221:ERROR:directory_reader_win.cc(43)] FindFirstFile: The system cannot find the path specified. (0x3)
[1216/094514.038:ERROR:directory_reader_win.cc(43)] FindFirstFile: The system cannot find the path specified. (0x3)
[1217/092516.014:ERROR:directory_reader_win.cc(43)] FindFirstFile: The system cannot find the path specified. (0x3)
[1217/112939.989:ERROR:filesystem_win.cc(129)] GetFileAttributes C:\Users\Navy\AppData\Local\Google\Chrome\User Data\Crashpad\attachments\35ea4f73-a3b5-4105-b928-0e96a807774b: The system cannot find the path specified. (0x3)
[1217/112940.035:ERROR:directory_reader_win.cc(43)] FindFirstFile: The system cannot find the path specified. (0x3)
[1218/154558.633:ERROR:directory_reader_win.cc(43)] FindFirstFile: The system cannot find the path specified. (0x3)
[1218/161816.167:ERROR:directory_reader_win.cc(43)] FindFirstFile: The system cannot find the path specified. (0x3)
[1221/082023.239:ERROR:directory_reader_win.cc(43)] FindFirstFile: The system cannot find the path specified. (0x3)
[1221/134003.568:ERROR:filesystem_win.cc(129)] GetFileAttributes C:\Users\Navy\AppData\Local\Google\Chrome\User Data\Crashpad\attachments\a1672db7-d3ef-4136-af88-12ccac68c7c1: The system cannot find the path specified. (0x3)
[1221/134035.438:ERROR:process_info.cc(359)] UncheckedAllocate
[1221/151728.741:ERROR:directory_reader_win.cc(43)] FindFirstFile: The system cannot find the path specified. (0x3)
[1222/101553.890:ERROR:directory_reader_win.cc(43)] FindFirstFile: The system cannot find the path specified. (0x3)
[1222/105831.402:ERROR:directory_reader_win.cc(43)] FindFirstFile: The system cannot find the path specified. (0x3)
[1222/122912.188:ERROR:directory_reader_win.cc(43)] FindFirstFile: The system cannot find the path specified. (0x3)
[1222/184528.042:ERROR:process_info.cc(359)] UncheckedAllocate
[1222/184528.172:ERROR:filesystem_win.cc(129)] GetFileAttributes C:\Users\Navy\AppData\Local\Google\Chrome\User Data\Crashpad\attachments\267f9e22-5a08-4c44-a2df-12f3a40398eb: The system cannot find the path specified. (0x3)
[1223/104314.917:ERROR:filesystem_win.cc(129)] GetFileAttributes C:\Users\Navy\AppData\Local\Google\Chrome\User Data\Crashpad\attachments\d245cd38-da95-487f-af9d-a74111fa6b5b: The system cannot find the path specified. (0x3)
[1223/105310.515:ERROR:directory_reader_win.cc(43)] FindFirstFile: The system cannot find the path specified. (0x3)
[1224/110449.369:ERROR:directory_reader_win.cc(43)] FindFirstFile: The system cannot find the path specified. (0x3)
[1228/170141.955:ERROR:directory_reader_win.cc(43)] FindFirstFile: The system cannot find the path specified. (0x3)
[1229/121140.571:ERROR:directory_reader_win.cc(43)] FindFirstFile: The system cannot find the path specified. (0x3)
[1230/104125.593:ERROR:directory_reader_win.cc(43)] FindFirstFile: The system cannot find the path specified. (0x3)
[1230/164954.018:ERROR:process_info.cc(359)] UncheckedAllocate
[1230/164954.020:ERROR:process_info.cc(359)] UncheckedAllocate
[1230/164954.143:ERROR:filesystem_win.cc(129)] GetFileAttributes C:\Users\Navy\AppData\Local\Google\Chrome\User Data\Crashpad\attachments\f22f1faa-f435-4945-bca3-f0f613f198d7: The system cannot find the path specified. (0x3)
[0105/091422.901:ERROR:directory_reader_win.cc(43)] FindFirstFile: The system cannot find the path specified. (0x3)
[0106/102559.871:ERROR:directory_reader_win.cc(43)] FindFirstFile: The system cannot find the path specified. (0x3)
[0106/131527.955:ERROR:process_info.cc(359)] UncheckedAllocate
[0106/131528.007:ERROR:filesystem_win.cc(129)] GetFileAttributes C:\Users\Navy\AppData\Local\Google\Chrome\User Data\Crashpad\attachments\18302282-a02b-4399-b3b4-e843f2c29236: The system cannot find the path specified. (0x3)
[0106/131534.235:ERROR:process_info.cc(359)] UncheckedAllocate
[0106/131534.256:ERROR:process_info.cc(359)] UncheckedAllocate
[0106/164859.241:ERROR:directory_reader_win.cc(43)] FindFirstFile: The system cannot find the path specified. (0x3)
[0107/091747.746:ERROR:directory_reader_win.cc(43)] FindFirstFile: The system cannot find the path specified. (0x3)
[0107/173334.273:ERROR:process_info.cc(359)] UncheckedAllocate
[0107/173334.404:ERROR:filesystem_win.cc(129)] GetFileAttributes C:\Users\Navy\AppData\Local\Google\Chrome\User Data\Crashpad\attachments\0b03af11-ebc1-40fd-ba61-73e88769e4b5: The system cannot find the path specified. (0x3)
[0111/084344.739:ERROR:directory_reader_win.cc(43)] FindFirstFile: The system cannot find the path specified. (0x3)
[0111/155150.476:ERROR:filesystem_win.cc(129)] GetFileAttributes C:\Users\Navy\AppData\Local\Google\Chrome\User Data\Crashpad\attachments\2deb19ab-608d-459c-a6ce-c7ea40f5b2e8: The system cannot find the path specified. (0x3)
[0112/190447.779:ERROR:directory_reader_win.cc(43)] FindFirstFile: The system cannot find the path specified. (0x3)
[0113/112102.838:ERROR:directory_reader_win.cc(43)] FindFirstFile: The system cannot find the path specified. (0x3)
[0113/120234.839:ERROR:filesystem_win.cc(129)] GetFileAttributes C:\Users\Navy\AppData\Local\Google\Chrome\User Data\Crashpad\attachments\73dcbd82-1696-46ae-8fbe-257ff6377d47: The system cannot find the path specified. (0x3)
[0113/165547.101:ERROR:filesystem_win.cc(148)] DeleteFile C:\Users\Navy\AppData\Local\Google\Chrome\User Data\Crashpad\reports\4100c181-5aa4-4580-9bc6-e2395fc5ada6.dmp: The process cannot access the file because it is being used by another process. (0x20)
[0113/165547.262:ERROR:process_info.cc(359)] UncheckedAllocate
[0113/165547.269:ERROR:process_info.cc(359)] UncheckedAllocate
[0113/165547.495:ERROR:filesystem_win.cc(129)] GetFileAttributes C:\Users\Navy\AppData\Local\Google\Chrome\User Data\Crashpad\attachments\598fabf9-1671-46bc-a059-f37cac438bc9: The system cannot find the path specified. (0x3)
[0114/085911.411:ERROR:directory_reader_win.cc(43)] FindFirstFile: The system cannot find the path specified. (0x3)
[0114/094606.000:ERROR:filesystem_win.cc(129)] GetFileAttributes C:\Users\Navy\AppData\Local\Google\Chrome\User Data\Crashpad\attachments\da6ed809-8915-4c60-8c05-4d68c0013e1c: The system cannot find the path specified. (0x3)
[0114/101444.586:ERROR:directory_reader_win.cc(43)] FindFirstFile: The system cannot find the path specified. (0x3)
[0114/123723.849:ERROR:process_info.cc(359)] UncheckedAllocate
[0114/123724.154:ERROR:filesystem_win.cc(129)] GetFileAttributes C:\Users\Navy\AppData\Local\Google\Chrome\User Data\Crashpad\attachments\df4b6d42-62af-43bf-b5af-825dca126872: The system cannot find the path specified. (0x3)
[0114/152901.616:ERROR:filesystem_win.cc(129)] GetFileAttributes C:\Users\Navy\AppData\Local\Google\Chrome\User Data\Crashpad\attachments\2adfa823-e076-4a6c-aecf-fece73bf5269: The system cannot find the path specified. (0x3)
[0114/153901.668:ERROR:directory_reader_win.cc(43)] FindFirstFile: The system cannot find the path specified. (0x3)
[0115/082616.237:ERROR:directory_reader_win.cc(43)] FindFirstFile: The system cannot find the path specified. (0x3)
[0115/090904.622:ERROR:filesystem_win.cc(129)] GetFileAttributes C:\Users\Navy\AppData\Local\Google\Chrome\User Data\Crashpad\attachments\50d4d7ed-854a-495a-9811-88aae04bd26b: The system cannot find the path specified. (0x3)
[0115/092558.198:ERROR:directory_reader_win.cc(43)] FindFirstFile: The system cannot find the path specified. (0x3)
[0115/132027.698:ERROR:directory_reader_win.cc(43)] FindFirstFile: The system cannot find the path specified. (0x3)
[0115/153403.714:ERROR:filesystem_win.cc(129)] GetFileAttributes C:\Users\Navy\AppData\Local\Google\Chrome\User Data\Crashpad\attachments\abbb1028-5006-48cd-a17f-c09fb7249b9c: The system cannot find the path specified. (0x3)
[0115/153403.803:ERROR:directory_reader_win.cc(43)] FindFirstFile: The system cannot find the path specified. (0x3)
